<?xml version="1.0" encoding="UTF-8"?>
<!-- Generated by org.testng.reporters.JUnitReportReporter -->
<testsuite hostname="Tanvir" failures="0" tests="1" name="TestRunnerClass.TestRunner" time="25.260" errors="0" timestamp="2023-12-31T22:46:43 EST" skipped="0">
  <testcase classname="TestRunnerClass.TestRunner" name="feature" time="25.260"/>
  <system-out/>
</testsuite> <!-- TestRunnerClass.TestRunner -->
